To honour the JVM settings for this build a single-use Daemon process will be forked. For more on this, please refer to https://docs.gradle.org/8.3/userguide/gradle_daemon.html#sec:disabling_the_daemon in the Gradle documentation.
Daemon will be stopped at the end of the build 
Configuration on demand is an incubating feature.
> Task :gradle-plugin:compileKotlin UP-TO-DATE
> Task :gradle-plugin:compileJava NO-SOURCE
> Task :gradle-plugin:pluginDescriptors UP-TO-DATE
> Task :gradle-plugin:processResources UP-TO-DATE
> Task :gradle-plugin:classes UP-TO-DATE
> Task :gradle-plugin:jar UP-TO-DATE
> Task :gradle-plugin:inspectClassesForKotlinIC UP-TO-DATE

> Configure project :app
WARNING: The option setting 'android.defaults.buildfeatures.buildconfig=true' is deprecated.
The current default is 'false'.
It will be removed in version 9.0 of the Android Gradle plugin.
You can resolve this warning in Android Studio via `Refactor` > `Migrate BuildConfig to Gradle Build Files`

> Configure project :react-native-reanimated
Android gradle plugin: 8.2.1
Gradle: 8.3

> Configure project :react-native-video
Kotlin version is correct: 1.8.10
AndroidX version is correct: 1.9.3
useExoplayerIMA: false
useExoplayerSmoothStreaming: true
useExoplayerDash: true
useExoplayerHls: true
useExoplayerRtsp: false
buildFromSource: false
Warning: SDK processing. This version only understands SDK XML versions up to 3 but an SDK XML file of version 4 was encountered. This can happen if you use versions of Android Studio and the command-line tools that were released at different times.
WARNING: We recommend using a newer Android Gradle plugin to use compileSdk = 35

This Android Gradle plugin (8.2.1) was tested up to compileSdk = 34.

You are strongly encouraged to update your project to use a newer
Android Gradle plugin that has been tested with compileSdk = 35.

If you are already using the latest version of the Android Gradle plugin,
you may need to wait until a newer version with support for compileSdk = 35 is available.

To suppress this warning, add/update
    android.suppressUnsupportedCompileSdk=35
to this project's gradle.properties.

> Task :react-native-image-picker:preBuild UP-TO-DATE
> Task :react-native-async-storage_async-storage:preBuild UP-TO-DATE
> Task :react-native-community_blur:preBuild UP-TO-DATE
> Task :react-native-haptic-feedback:preBuild UP-TO-DATE
> Task :lottie-react-native:preBuild UP-TO-DATE
> Task :react-native-fs:preBuild UP-TO-DATE
> Task :react-native-gesture-handler:preBuild UP-TO-DATE
> Task :react-native-pager-view:preBuild UP-TO-DATE
> Task :react-native-community_blur:preDebugBuild UP-TO-DATE
> Task :react-native-fs:preDebugBuild UP-TO-DATE
> Task :react-native-haptic-feedback:preDebugBuild UP-TO-DATE
> Task :react-native-gesture-handler:preDebugBuild UP-TO-DATE
> Task :react-native-image-picker:preDebugBuild UP-TO-DATE
> Task :react-native-async-storage_async-storage:preDebugBuild UP-TO-DATE
> Task :lottie-react-native:preDebugBuild UP-TO-DATE
> Task :react-native-pager-view:preDebugBuild UP-TO-DATE
> Task :react-native-fs:writeDebugAarMetadata
> Task :lottie-react-native:writeDebugAarMetadata
> Task :react-native-reanimated:assertLatestReactNativeWithNewArchitectureTask SKIPPED
> Task :react-native-haptic-feedback:writeDebugAarMetadata
> Task :react-native-async-storage_async-storage:writeDebugAarMetadata
> Task :react-native-safe-area-context:preBuild UP-TO-DATE
> Task :react-native-screens:preBuild UP-TO-DATE
> Task :react-native-screens:preDebugBuild UP-TO-DATE
> Task :react-native-reanimated:assertMinimalReactNativeVersionTask SKIPPED
> Task :react-native-sound:preBuild UP-TO-DATE
> Task :react-native-safe-area-context:preDebugBuild UP-TO-DATE
> Task :react-native-sound:preDebugBuild UP-TO-DATE
> Task :react-native-pager-view:writeDebugAarMetadata
> Task :react-native-svg:preBuild UP-TO-DATE
> Task :react-native-svg:preDebugBuild UP-TO-DATE
> Task :react-native-sound:writeDebugAarMetadata
> Task :react-native-track-player:preBuild UP-TO-DATE
> Task :react-native-track-player:preDebugBuild UP-TO-DATE
> Task :react-native-community_blur:writeDebugAarMetadata
> Task :react-native-vector-icons:preBuild UP-TO-DATE
> Task :react-native-vector-icons:preDebugBuild UP-TO-DATE
> Task :react-native-image-picker:writeDebugAarMetadata
> Task :react-native-video:preBuild UP-TO-DATE
> Task :react-native-video:preDebugBuild UP-TO-DATE
> Task :react-native-track-player:writeDebugAarMetadata
> Task :lottie-react-native:generateDebugResValues FROM-CACHE
> Task :lottie-react-native:generateDebugResources UP-TO-DATE
> Task :react-native-safe-area-context:writeDebugAarMetadata
> Task :react-native-gesture-handler:writeDebugAarMetadata
> Task :react-native-video:writeDebugAarMetadata
> Task :react-native-svg:writeDebugAarMetadata
> Task :react-native-async-storage_async-storage:generateDebugResValues FROM-CACHE
> Task :react-native-vector-icons:writeDebugAarMetadata
> Task :react-native-async-storage_async-storage:generateDebugResources UP-TO-DATE
> Task :react-native-community_blur:generateDebugResValues FROM-CACHE
> Task :react-native-screens:writeDebugAarMetadata
> Task :react-native-community_blur:generateDebugResources UP-TO-DATE
> Task :react-native-gesture-handler:generateDebugResValues FROM-CACHE
> Task :react-native-gesture-handler:generateDebugResources UP-TO-DATE
> Task :react-native-fs:generateDebugResValues FROM-CACHE
> Task :react-native-haptic-feedback:generateDebugResValues FROM-CACHE
> Task :react-native-fs:generateDebugResources UP-TO-DATE
> Task :react-native-haptic-feedback:generateDebugResources UP-TO-DATE
> Task :react-native-haptic-feedback:packageDebugResources FROM-CACHE
> Task :react-native-async-storage_async-storage:packageDebugResources FROM-CACHE
> Task :react-native-gesture-handler:packageDebugResources FROM-CACHE
> Task :react-native-fs:packageDebugResources FROM-CACHE
> Task :react-native-community_blur:packageDebugResources FROM-CACHE
> Task :react-native-pager-view:generateDebugResValues FROM-CACHE
> Task :react-native-image-picker:generateDebugResValues FROM-CACHE
> Task :react-native-image-picker:generateDebugResources UP-TO-DATE
> Task :react-native-pager-view:generateDebugResources UP-TO-DATE
> Task :react-native-safe-area-context:generateDebugResValues FROM-CACHE
> Task :react-native-sound:generateDebugResValues FROM-CACHE
> Task :react-native-screens:generateDebugResValues FROM-CACHE
> Task :react-native-safe-area-context:generateDebugResources UP-TO-DATE
> Task :react-native-screens:generateDebugResources UP-TO-DATE
> Task :react-native-sound:generateDebugResources UP-TO-DATE
> Task :react-native-image-picker:packageDebugResources FROM-CACHE
> Task :react-native-pager-view:packageDebugResources FROM-CACHE
> Task :react-native-sound:packageDebugResources FROM-CACHE
> Task :react-native-svg:generateDebugResValues FROM-CACHE
> Task :react-native-safe-area-context:packageDebugResources FROM-CACHE
> Task :react-native-svg:generateDebugResources UP-TO-DATE
> Task :react-native-vector-icons:generateDebugResValues FROM-CACHE
> Task :react-native-vector-icons:generateDebugResources UP-TO-DATE
> Task :react-native-track-player:generateDebugResValues FROM-CACHE
> Task :react-native-track-player:generateDebugResources UP-TO-DATE
> Task :react-native-reanimated:prepareHeadersForPrefab
> Task :react-native-reanimated:preBuild
> Task :react-native-reanimated:preDebugBuild
> Task :react-native-video:generateDebugResValues FROM-CACHE
> Task :react-native-video:generateDebugResources UP-TO-DATE
> Task :react-native-screens:packageDebugResources FROM-CACHE
> Task :react-native-async-storage_async-storage:extractDeepLinksDebug FROM-CACHE
> Task :react-native-reanimated:writeDebugAarMetadata
> Task :react-native-vector-icons:packageDebugResources FROM-CACHE
> Task :react-native-svg:packageDebugResources FROM-CACHE
> Task :react-native-reanimated:generateDebugResValues FROM-CACHE
> Task :react-native-reanimated:generateDebugResources UP-TO-DATE
> Task :react-native-community_blur:extractDeepLinksDebug FROM-CACHE
> Task :react-native-fs:extractDeepLinksDebug FROM-CACHE
> Task :react-native-video:packageDebugResources FROM-CACHE
> Task :react-native-track-player:packageDebugResources FROM-CACHE
> Task :react-native-community_blur:processDebugManifest FROM-CACHE
> Task :react-native-async-storage_async-storage:processDebugManifest FROM-CACHE
> Task :react-native-fs:processDebugManifest FROM-CACHE
> Task :react-native-gesture-handler:extractDeepLinksDebug FROM-CACHE
> Task :react-native-haptic-feedback:extractDeepLinksDebug FROM-CACHE
> Task :react-native-image-picker:extractDeepLinksDebug FROM-CACHE
> Task :react-native-community_slider:generateCodegenSchemaFromJavaScript
> Task :react-native-safe-area-context:extractDeepLinksDebug FROM-CACHE
> Task :react-native-pager-view:extractDeepLinksDebug FROM-CACHE
> Task :react-native-gesture-handler:processDebugManifest FROM-CACHE
> Task :react-native-haptic-feedback:processDebugManifest FROM-CACHE
> Task :react-native-image-picker:processDebugManifest FROM-CACHE
> Task :react-native-safe-area-context:processDebugManifest FROM-CACHE
> Task :react-native-reanimated:packageDebugResources FROM-CACHE
> Task :react-native-sound:extractDeepLinksDebug FROM-CACHE
> Task :react-native-pager-view:processDebugManifest FROM-CACHE
> Task :react-native-screens:extractDeepLinksDebug FROM-CACHE
> Task :react-native-svg:extractDeepLinksDebug FROM-CACHE
> Task :react-native-track-player:extractDeepLinksDebug FROM-CACHE
> Task :react-native-reanimated:extractDeepLinksDebug FROM-CACHE
> Task :react-native-vector-icons:extractDeepLinksDebug FROM-CACHE
> Task :react-native-screens:processDebugManifest FROM-CACHE
> Task :react-native-svg:processDebugManifest FROM-CACHE
> Task :react-native-sound:processDebugManifest FROM-CACHE
> Task :react-native-video:extractDeepLinksDebug FROM-CACHE
> Task :react-native-async-storage_async-storage:compileDebugLibraryResources FROM-CACHE
> Task :react-native-community_blur:compileDebugLibraryResources FROM-CACHE
> Task :react-native-track-player:processDebugManifest FROM-CACHE
> Task :react-native-fs:compileDebugLibraryResources FROM-CACHE
> Task :react-native-vector-icons:processDebugManifest FROM-CACHE
> Task :react-native-video:processDebugManifest FROM-CACHE
> Task :react-native-reanimated:processDebugManifest FROM-CACHE
> Task :react-native-async-storage_async-storage:parseDebugLocalResources FROM-CACHE
> Task :react-native-fs:parseDebugLocalResources FROM-CACHE
> Task :react-native-gesture-handler:compileDebugLibraryResources FROM-CACHE
> Task :react-native-haptic-feedback:compileDebugLibraryResources FROM-CACHE
> Task :react-native-image-picker:compileDebugLibraryResources FROM-CACHE
> Task :react-native-gesture-handler:parseDebugLocalResources FROM-CACHE
> Task :react-native-fs:generateDebugRFile FROM-CACHE
> Task :react-native-haptic-feedback:parseDebugLocalResources FROM-CACHE
> Task :react-native-image-picker:parseDebugLocalResources FROM-CACHE
> Task :react-native-async-storage_async-storage:generateDebugRFile FROM-CACHE
> Task :react-native-community_blur:parseDebugLocalResources FROM-CACHE
> Task :react-native-pager-view:compileDebugLibraryResources FROM-CACHE
> Task :react-native-gesture-handler:generateDebugRFile FROM-CACHE
> Task :react-native-reanimated:compileDebugLibraryResources FROM-CACHE
> Task :react-native-safe-area-context:compileDebugLibraryResources FROM-CACHE
> Task :react-native-haptic-feedback:generateDebugRFile FROM-CACHE
> Task :react-native-reanimated:parseDebugLocalResources FROM-CACHE
> Task :react-native-pager-view:parseDebugLocalResources FROM-CACHE
> Task :react-native-safe-area-context:parseDebugLocalResources FROM-CACHE
> Task :react-native-community_blur:generateDebugRFile FROM-CACHE
> Task :react-native-image-picker:generateDebugRFile FROM-CACHE
> Task :react-native-sound:compileDebugLibraryResources FROM-CACHE
> Task :react-native-pager-view:generateDebugRFile FROM-CACHE
> Task :react-native-safe-area-context:generateDebugRFile FROM-CACHE
> Task :react-native-reanimated:generateDebugRFile FROM-CACHE
> Task :react-native-sound:parseDebugLocalResources FROM-CACHE
> Task :react-native-svg:compileDebugLibraryResources FROM-CACHE
> Task :react-native-vector-icons:compileDebugLibraryResources FROM-CACHE
> Task :react-native-sound:generateDebugRFile FROM-CACHE
> Task :react-native-track-player:compileDebugLibraryResources FROM-CACHE
> Task :react-native-svg:parseDebugLocalResources FROM-CACHE
> Task :react-native-track-player:parseDebugLocalResources FROM-CACHE
> Task :react-native-vector-icons:parseDebugLocalResources FROM-CACHE
> Task :react-native-async-storage_async-storage:generateDebugBuildConfig FROM-CACHE
> Task :react-native-video:compileDebugLibraryResources FROM-CACHE
> Task :react-native-async-storage_async-storage:javaPreCompileDebug FROM-CACHE
> Task :react-native-svg:generateDebugRFile FROM-CACHE
> Task :react-native-track-player:generateDebugRFile FROM-CACHE
> Task :react-native-screens:compileDebugLibraryResources FROM-CACHE
> Task :react-native-vector-icons:generateDebugRFile FROM-CACHE
> Task :react-native-video:parseDebugLocalResources FROM-CACHE
> Task :react-native-community_blur:generateDebugBuildConfig FROM-CACHE
> Task :react-native-screens:parseDebugLocalResources FROM-CACHE
> Task :react-native-fs:generateDebugBuildConfig FROM-CACHE
> Task :react-native-community_blur:javaPreCompileDebug FROM-CACHE
> Task :react-native-gesture-handler:generateDebugBuildConfig FROM-CACHE
> Task :react-native-fs:javaPreCompileDebug FROM-CACHE
> Task :react-native-reanimated:generateDebugBuildConfig FROM-CACHE
> Task :react-native-screens:generateDebugRFile FROM-CACHE
> Task :react-native-reanimated:javaPreCompileDebug FROM-CACHE
> Task :react-native-reanimated:packageNdkLibs NO-SOURCE
> Task :react-native-video:generateDebugRFile FROM-CACHE
> Task :react-native-haptic-feedback:generateDebugBuildConfig FROM-CACHE
> Task :react-native-gesture-handler:javaPreCompileDebug FROM-CACHE
> Task :react-native-haptic-feedback:javaPreCompileDebug FROM-CACHE
> Task :react-native-image-picker:generateDebugBuildConfig FROM-CACHE
> Task :react-native-image-picker:javaPreCompileDebug FROM-CACHE
> Task :lottie-react-native:packageDebugResources
> Task :lottie-react-native:extractDeepLinksDebug FROM-CACHE
> Task :react-native-community_blur:compileDebugJavaWithJavac FROM-CACHE
> Task :react-native-async-storage_async-storage:compileDebugJavaWithJavac FROM-CACHE
> Task :react-native-fs:compileDebugJavaWithJavac FROM-CACHE
> Task :react-native-image-picker:compileDebugJavaWithJavac FROM-CACHE
> Task :react-native-haptic-feedback:compileDebugJavaWithJavac FROM-CACHE
> Task :react-native-reanimated:compileDebugJavaWithJavac FROM-CACHE
> Task :lottie-react-native:compileDebugLibraryResources FROM-CACHE
> Task :lottie-react-native:parseDebugLocalResources FROM-CACHE
> Task :react-native-community_blur:bundleLibCompileToJarDebug
> Task :react-native-fs:bundleLibCompileToJarDebug
> Task :react-native-image-picker:bundleLibCompileToJarDebug
> Task :react-native-haptic-feedback:bundleLibCompileToJarDebug
> Task :react-native-async-storage_async-storage:bundleLibCompileToJarDebug
> Task :react-native-pager-view:generateDebugBuildConfig FROM-CACHE
> Task :lottie-react-native:generateDebugBuildConfig
> Task :react-native-screens:generateDebugBuildConfig FROM-CACHE
> Task :react-native-safe-area-context:generateDebugBuildConfig FROM-CACHE
> Task :react-native-sound:generateDebugBuildConfig FROM-CACHE
> Task :react-native-reanimated:bundleLibCompileToJarDebug
> Task :lottie-react-native:javaPreCompileDebug FROM-CACHE
> Task :react-native-community_slider:generateCodegenArtifactsFromSchema
> Task :react-native-community_slider:preBuild
> Task :react-native-community_slider:preDebugBuild
> Task :react-native-svg:generateDebugBuildConfig FROM-CACHE
> Task :react-native-community_slider:writeDebugAarMetadata
> Task :react-native-community_slider:generateDebugResValues FROM-CACHE
> Task :react-native-community_slider:generateDebugResources UP-TO-DATE
> Task :react-native-svg:javaPreCompileDebug FROM-CACHE
> Task :react-native-community_slider:packageDebugResources FROM-CACHE
> Task :react-native-community_slider:extractDeepLinksDebug FROM-CACHE
> Task :react-native-pager-view:compileDebugKotlin FROM-CACHE
> Task :react-native-community_slider:processDebugManifest FROM-CACHE
> Task :react-native-community_slider:compileDebugLibraryResources FROM-CACHE
> Task :react-native-safe-area-context:compileDebugKotlin FROM-CACHE
> Task :react-native-community_slider:parseDebugLocalResources FROM-CACHE
> Task :react-native-safe-area-context:javaPreCompileDebug FROM-CACHE
> Task :react-native-community_slider:generateDebugRFile FROM-CACHE
> Task :react-native-sound:compileDebugKotlin FROM-CACHE
> Task :react-native-gesture-handler:compileDebugKotlin FROM-CACHE

> Task :lottie-react-native:processDebugManifest
package="com.airbnb.android.react.lottie" found in source AndroidManifest.xml: /Users/sunislee/trae_inter/test-solo/esonare_SoundTherapyPro/node_modules/lottie-react-native/android/src/main/AndroidManifest.xml.
Setting the namespace via the package attribute in the source AndroidManifest.xml is no longer supported, and the value is ignored.
Recommendation: remove package="com.airbnb.android.react.lottie" from the source AndroidManifest.xml: /Users/sunislee/trae_inter/test-solo/esonare_SoundTherapyPro/node_modules/lottie-react-native/android/src/main/AndroidManifest.xml.

> Task :react-native-pager-view:javaPreCompileDebug FROM-CACHE
> Task :react-native-community_slider:generateDebugBuildConfig FROM-CACHE
> Task :react-native-sound:javaPreCompileDebug FROM-CACHE
> Task :react-native-community_slider:javaPreCompileDebug FROM-CACHE
> Task :react-native-safe-area-context:compileDebugJavaWithJavac FROM-CACHE
> Task :react-native-pager-view:compileDebugJavaWithJavac FROM-CACHE
> Task :react-native-safe-area-context:bundleLibCompileToJarDebug
> Task :react-native-sound:compileDebugJavaWithJavac FROM-CACHE
> Task :react-native-gesture-handler:compileDebugJavaWithJavac FROM-CACHE
> Task :react-native-track-player:generateDebugBuildConfig FROM-CACHE
> Task :react-native-pager-view:bundleLibCompileToJarDebug
> Task :react-native-community_slider:compileDebugJavaWithJavac FROM-CACHE
> Task :react-native-vector-icons:generateDebugBuildConfig FROM-CACHE
> Task :react-native-sound:bundleLibCompileToJarDebug
> Task :react-native-community_slider:bundleLibCompileToJarDebug
> Task :react-native-vector-icons:javaPreCompileDebug FROM-CACHE
> Task :react-native-gesture-handler:bundleLibCompileToJarDebug
> Task :react-native-video:generateDebugBuildConfig FROM-CACHE
> Task :lottie-react-native:mergeDebugShaders FROM-CACHE
> Task :react-native-async-storage_async-storage:mergeDebugShaders FROM-CACHE
> Task :lottie-react-native:compileDebugShaders NO-SOURCE
> Task :lottie-react-native:generateDebugAssets UP-TO-DATE
> Task :react-native-async-storage_async-storage:compileDebugShaders NO-SOURCE
> Task :react-native-async-storage_async-storage:generateDebugAssets UP-TO-DATE
> Task :react-native-svg:compileDebugJavaWithJavac FROM-CACHE
> Task :react-native-async-storage_async-storage:packageDebugAssets FROM-CACHE
> Task :lottie-react-native:packageDebugAssets FROM-CACHE
> Task :react-native-screens:compileDebugKotlin FROM-CACHE
> Task :react-native-community_blur:mergeDebugShaders FROM-CACHE
> Task :react-native-community_blur:compileDebugShaders NO-SOURCE
> Task :react-native-community_blur:generateDebugAssets UP-TO-DATE
> Task :react-native-screens:javaPreCompileDebug FROM-CACHE
> Task :react-native-community_slider:mergeDebugShaders FROM-CACHE
> Task :react-native-vector-icons:compileDebugJavaWithJavac FROM-CACHE
> Task :react-native-community_slider:compileDebugShaders NO-SOURCE
> Task :react-native-community_slider:generateDebugAssets UP-TO-DATE
> Task :react-native-community_blur:packageDebugAssets FROM-CACHE
> Task :react-native-community_slider:packageDebugAssets FROM-CACHE
> Task :react-native-fs:mergeDebugShaders FROM-CACHE
> Task :react-native-vector-icons:bundleLibCompileToJarDebug
> Task :react-native-fs:compileDebugShaders NO-SOURCE
> Task :react-native-fs:generateDebugAssets UP-TO-DATE
> Task :react-native-gesture-handler:mergeDebugShaders FROM-CACHE
> Task :react-native-haptic-feedback:mergeDebugShaders FROM-CACHE
> Task :react-native-haptic-feedback:compileDebugShaders NO-SOURCE
> Task :react-native-haptic-feedback:generateDebugAssets UP-TO-DATE
> Task :react-native-gesture-handler:compileDebugShaders NO-SOURCE
> Task :react-native-gesture-handler:generateDebugAssets UP-TO-DATE
> Task :react-native-fs:packageDebugAssets FROM-CACHE
> Task :react-native-screens:compileDebugJavaWithJavac FROM-CACHE
> Task :react-native-haptic-feedback:packageDebugAssets FROM-CACHE
> Task :react-native-image-picker:mergeDebugShaders FROM-CACHE
> Task :react-native-gesture-handler:packageDebugAssets FROM-CACHE
> Task :react-native-image-picker:compileDebugShaders NO-SOURCE
> Task :react-native-image-picker:generateDebugAssets UP-TO-DATE
> Task :react-native-pager-view:mergeDebugShaders FROM-CACHE
> Task :react-native-reanimated:mergeDebugShaders FROM-CACHE
> Task :react-native-pager-view:compileDebugShaders NO-SOURCE
> Task :react-native-pager-view:generateDebugAssets UP-TO-DATE
> Task :react-native-image-picker:packageDebugAssets FROM-CACHE
> Task :react-native-pager-view:packageDebugAssets FROM-CACHE
> Task :react-native-reanimated:compileDebugShaders NO-SOURCE
> Task :react-native-screens:mergeDebugShaders FROM-CACHE
> Task :react-native-screens:compileDebugShaders NO-SOURCE
> Task :react-native-screens:generateDebugAssets UP-TO-DATE
> Task :react-native-screens:packageDebugAssets FROM-CACHE
> Task :react-native-reanimated:generateDebugAssets UP-TO-DATE
> Task :react-native-screens:bundleLibCompileToJarDebug
> Task :react-native-svg:bundleLibCompileToJarDebug
> Task :react-native-vector-icons:mergeDebugShaders FROM-CACHE
> Task :react-native-vector-icons:compileDebugShaders NO-SOURCE
> Task :react-native-vector-icons:generateDebugAssets UP-TO-DATE
> Task :react-native-sound:mergeDebugShaders FROM-CACHE
> Task :react-native-reanimated:packageDebugAssets FROM-CACHE
> Task :react-native-sound:compileDebugShaders NO-SOURCE
> Task :react-native-sound:generateDebugAssets UP-TO-DATE
> Task :react-native-vector-icons:packageDebugAssets FROM-CACHE
> Task :react-native-sound:packageDebugAssets FROM-CACHE
> Task :react-native-svg:mergeDebugShaders FROM-CACHE
> Task :react-native-safe-area-context:mergeDebugShaders FROM-CACHE
> Task :react-native-svg:compileDebugShaders NO-SOURCE
> Task :react-native-svg:generateDebugAssets UP-TO-DATE
> Task :react-native-community_blur:bundleLibRuntimeToJarDebug
> Task :react-native-safe-area-context:compileDebugShaders NO-SOURCE
> Task :react-native-safe-area-context:generateDebugAssets UP-TO-DATE
> Task :react-native-community_slider:bundleLibRuntimeToJarDebug
> Task :react-native-async-storage_async-storage:bundleLibRuntimeToJarDebug
> Task :react-native-fs:bundleLibRuntimeToJarDebug
> Task :react-native-track-player:compileDebugKotlin FROM-CACHE
> Task :lottie-react-native:generateDebugRFile
> Task :react-native-safe-area-context:packageDebugAssets FROM-CACHE
> Task :react-native-svg:packageDebugAssets FROM-CACHE
> Task :react-native-haptic-feedback:bundleLibRuntimeToJarDebug
> Task :react-native-image-picker:bundleLibRuntimeToJarDebug
> Task :react-native-gesture-handler:bundleLibRuntimeToJarDebug
> Task :react-native-reanimated:bundleLibRuntimeToJarDebug
> Task :react-native-pager-view:bundleLibRuntimeToJarDebug
> Task :react-native-safe-area-context:bundleLibRuntimeToJarDebug
> Task :react-native-sound:bundleLibRuntimeToJarDebug
> Task :react-native-vector-icons:bundleLibRuntimeToJarDebug
> Task :react-native-async-storage_async-storage:processDebugJavaRes NO-SOURCE
> Task :react-native-fs:processDebugJavaRes NO-SOURCE
> Task :react-native-community_slider:processDebugJavaRes NO-SOURCE
> Task :react-native-screens:bundleLibRuntimeToJarDebug
> Task :react-native-haptic-feedback:processDebugJavaRes NO-SOURCE
> Task :react-native-svg:bundleLibRuntimeToJarDebug
> Task :react-native-community_blur:processDebugJavaRes NO-SOURCE
> Task :react-native-image-picker:processDebugJavaRes NO-SOURCE
> Task :react-native-reanimated:processDebugJavaRes NO-SOURCE
> Task :react-native-gesture-handler:processDebugJavaRes
> Task :react-native-svg:processDebugJavaRes NO-SOURCE
> Task :react-native-pager-view:processDebugJavaRes
> Task :react-native-vector-icons:processDebugJavaRes NO-SOURCE
> Task :react-native-sound:processDebugJavaRes
> Task :react-native-async-storage_async-storage:mergeDebugJniLibFolders FROM-CACHE
> Task :react-native-screens:processDebugJavaRes
> Task :react-native-async-storage_async-storage:mergeDebugNativeLibs NO-SOURCE
> Task :react-native-community_slider:mergeDebugJniLibFolders FROM-CACHE
> Task :react-native-fs:mergeDebugJniLibFolders FROM-CACHE
> Task :react-native-community_slider:mergeDebugNativeLibs NO-SOURCE
> Task :react-native-community_blur:mergeDebugJniLibFolders FROM-CACHE
> Task :react-native-fs:mergeDebugNativeLibs NO-SOURCE
> Task :react-native-community_blur:mergeDebugNativeLibs NO-SOURCE
> Task :react-native-video:compileDebugKotlin FROM-CACHE
> Task :react-native-community_slider:copyDebugJniLibsProjectOnly
> Task :react-native-community_blur:copyDebugJniLibsProjectOnly
> Task :react-native-video:javaPreCompileDebug FROM-CACHE
> Task :react-native-async-storage_async-storage:copyDebugJniLibsProjectOnly
> Task :react-native-gesture-handler:mergeDebugJniLibFolders FROM-CACHE
> Task :react-native-haptic-feedback:mergeDebugJniLibFolders FROM-CACHE
> Task :react-native-gesture-handler:mergeDebugNativeLibs NO-SOURCE
> Task :react-native-haptic-feedback:mergeDebugNativeLibs NO-SOURCE
> Task :react-native-fs:copyDebugJniLibsProjectOnly
> Task :react-native-track-player:javaPreCompileDebug FROM-CACHE
> Task :react-native-image-picker:mergeDebugJniLibFolders FROM-CACHE
> Task :react-native-image-picker:mergeDebugNativeLibs NO-SOURCE
> Task :react-native-haptic-feedback:copyDebugJniLibsProjectOnly
> Task :react-native-gesture-handler:copyDebugJniLibsProjectOnly
> Task :react-native-safe-area-context:processDebugJavaRes
> Task :react-native-safe-area-context:mergeDebugJniLibFolders FROM-CACHE
> Task :react-native-pager-view:mergeDebugJniLibFolders FROM-CACHE
> Task :react-native-safe-area-context:mergeDebugNativeLibs NO-SOURCE
> Task :react-native-pager-view:mergeDebugNativeLibs NO-SOURCE
> Task :react-native-pager-view:copyDebugJniLibsProjectOnly
> Task :react-native-safe-area-context:copyDebugJniLibsProjectOnly
> Task :react-native-screens:mergeDebugJniLibFolders FROM-CACHE
> Task :react-native-svg:mergeDebugJniLibFolders FROM-CACHE
> Task :react-native-sound:mergeDebugJniLibFolders FROM-CACHE
> Task :react-native-screens:mergeDebugNativeLibs NO-SOURCE
> Task :react-native-svg:mergeDebugNativeLibs NO-SOURCE
> Task :react-native-sound:mergeDebugNativeLibs NO-SOURCE
> Task :react-native-svg:copyDebugJniLibsProjectOnly
> Task :react-native-video:compileDebugJavaWithJavac FROM-CACHE
> Task :react-native-image-picker:copyDebugJniLibsProjectOnly
> Task :react-native-screens:copyDebugJniLibsProjectOnly
> Task :react-native-vector-icons:mergeDebugJniLibFolders FROM-CACHE
> Task :react-native-vector-icons:mergeDebugNativeLibs NO-SOURCE
> Task :react-native-track-player:compileDebugJavaWithJavac FROM-CACHE
> Task :react-native-video:mergeDebugShaders FROM-CACHE
> Task :react-native-video:compileDebugShaders NO-SOURCE
> Task :react-native-video:generateDebugAssets UP-TO-DATE
> Task :react-native-vector-icons:copyDebugJniLibsProjectOnly
> Task :react-native-community_blur:stripDebugDebugSymbols NO-SOURCE
> Task :react-native-video:packageDebugAssets FROM-CACHE
> Task :react-native-community_blur:copyDebugJniLibsProjectAndLocalJars
> Task :react-native-async-storage_async-storage:stripDebugDebugSymbols NO-SOURCE
> Task :react-native-video:bundleLibCompileToJarDebug
> Task :react-native-track-player:bundleLibCompileToJarDebug
> Task :react-native-video:bundleLibRuntimeToJarDebug
> Task :react-native-video:processDebugJavaRes
> Task :react-native-track-player:mergeDebugShaders FROM-CACHE
> Task :react-native-video:mergeDebugJniLibFolders FROM-CACHE
> Task :react-native-video:mergeDebugNativeLibs NO-SOURCE
> Task :react-native-track-player:compileDebugShaders NO-SOURCE
> Task :react-native-track-player:generateDebugAssets UP-TO-DATE
> Task :react-native-track-player:packageDebugAssets FROM-CACHE
> Task :react-native-video:copyDebugJniLibsProjectOnly
> Task :react-native-track-player:processDebugJavaRes
> Task :react-native-track-player:mergeDebugJniLibFolders FROM-CACHE
> Task :react-native-track-player:mergeDebugNativeLibs NO-SOURCE
> Task :react-native-async-storage_async-storage:copyDebugJniLibsProjectAndLocalJars
> Task :react-native-track-player:copyDebugJniLibsProjectOnly
> Task :react-native-sound:copyDebugJniLibsProjectOnly
> Task :react-native-community_slider:stripDebugDebugSymbols NO-SOURCE
> Task :react-native-community_slider:copyDebugJniLibsProjectAndLocalJars
> Task :react-native-track-player:bundleLibRuntimeToJarDebug
> Task :lottie-react-native:mergeDebugJniLibFolders FROM-CACHE
> Task :lottie-react-native:mergeDebugNativeLibs NO-SOURCE
> Task :lottie-react-native:copyDebugJniLibsProjectOnly
> Task :lottie-react-native:stripDebugDebugSymbols NO-SOURCE
> Task :lottie-react-native:copyDebugJniLibsProjectAndLocalJars
> Task :lottie-react-native:extractDeepLinksForAarDebug FROM-CACHE
> Task :lottie-react-native:prepareDebugArtProfile
> Task :lottie-react-native:prepareLintJarForPublish
> Task :react-native-fs:stripDebugDebugSymbols NO-SOURCE
> Task :react-native-gesture-handler:stripDebugDebugSymbols NO-SOURCE
> Task :app:generateCodegenSchemaFromJavaScript SKIPPED
> Task :react-native-gesture-handler:copyDebugJniLibsProjectAndLocalJars
> Task :app:generateCodegenArtifactsFromSchema SKIPPED
> Task :react-native-fs:copyDebugJniLibsProjectAndLocalJars
> Task :app:generatePackageList
> Task :app:preBuild
> Task :app:preDebugBuild
> Task :app:mergeDebugNativeDebugMetadata NO-SOURCE
> Task :app:generateDebugBuildConfig FROM-CACHE
> Task :react-native-haptic-feedback:stripDebugDebugSymbols NO-SOURCE
> Task :react-native-haptic-feedback:copyDebugJniLibsProjectAndLocalJars
> Task :react-native-image-picker:stripDebugDebugSymbols NO-SOURCE
> Task :react-native-image-picker:copyDebugJniLibsProjectAndLocalJars
> Task :app:checkDebugAarMetadata
> Task :app:generateDebugResValues FROM-CACHE
> Task :app:mapDebugSourceSetPaths
> Task :app:generateDebugResources UP-TO-DATE

> Task :lottie-react-native:compileDebugKotlin
e: java.nio.file.FileSystemException: /Users/sunislee/Library/Application Support/kotlin/daemon/kotlin-daemon-client-tsmarker2501626498568960518.tmp: Operation not permitted
Failed to compile with Kotlin daemon: java.lang.RuntimeException: Could not connect to Kotlin compile daemon
	at org.jetbrains.kotlin.compilerRunner.GradleKotlinCompilerWork.compileWithDaemon(GradleKotlinCompilerWork.kt:192)
	at org.jetbrains.kotlin.compilerRunner.GradleKotlinCompilerWork.compileWithDaemonOrFallbackImpl(GradleKotlinCompilerWork.kt:150)
	at org.jetbrains.kotlin.compilerRunner.GradleKotlinCompilerWork.run(GradleKotlinCompilerWork.kt:123)
	at org.jetbrains.kotlin.compilerRunner.GradleCompilerRunnerWithWorkers$GradleKotlinCompilerWorkAction.execute(GradleCompilerRunnerWithWorkers.kt:74)
	at org.gradle.workers.internal.DefaultWorkerServer.execute(DefaultWorkerServer.java:63)
	at org.gradle.workers.internal.NoIsolationWorkerFactory$1$1.create(NoIsolationWorkerFactory.java:66)
	at org.gradle.workers.internal.NoIsolationWorkerFactory$1$1.create(NoIsolationWorkerFactory.java:62)
	at org.gradle.internal.classloader.ClassLoaderUtils.executeInClassloader(ClassLoaderUtils.java:100)
	at org.gradle.workers.internal.NoIsolationWorkerFactory$1.lambda$execute$0(NoIsolationWorkerFactory.java:62)
	at org.gradle.workers.internal.AbstractWorker$1.call(AbstractWorker.java:44)
	at org.gradle.workers.internal.AbstractWorker$1.call(AbstractWorker.java:41)
	at org.gradle.internal.operations.DefaultBuildOperationRunner$CallableBuildOperationWorker.execute(DefaultBuildOperationRunner.java:204)
	at org.gradle.internal.operations.DefaultBuildOperationRunner$CallableBuildOperationWorker.execute(DefaultBuildOperationRunner.java:199)
	at org.gradle.internal.operations.DefaultBuildOperationRunner$2.execute(DefaultBuildOperationRunner.java:66)
	at org.gradle.internal.operations.DefaultBuildOperationRunner$2.execute(DefaultBuildOperationRunner.java:59)
	at org.gradle.internal.operations.DefaultBuildOperationRunner.execute(DefaultBuildOperationRunner.java:157)
	at org.gradle.internal.operations.DefaultBuildOperationRunner.execute(DefaultBuildOperationRunner.java:59)
	at org.gradle.internal.operations.DefaultBuildOperationRunner.call(DefaultBuildOperationRunner.java:53)
	at org.gradle.internal.operations.DefaultBuildOperationExecutor.call(DefaultBuildOperationExecutor.java:73)
	at org.gradle.workers.internal.AbstractWorker.executeWrappedInBuildOperation(AbstractWorker.java:41)
	at org.gradle.workers.internal.NoIsolationWorkerFactory$1.execute(NoIsolationWorkerFactory.java:59)
	at org.gradle.workers.internal.DefaultWorkerExecutor.lambda$submitWork$0(DefaultWorkerExecutor.java:170)
	at java.base/java.util.concurrent.FutureTask.run(FutureTask.java:264)
	at org.gradle.internal.work.DefaultConditionalExecutionQueue$ExecutionRunner.runExecution(DefaultConditionalExecutionQueue.java:187)
	at org.gradle.internal.work.DefaultConditionalExecutionQueue$ExecutionRunner.access$700(DefaultConditionalExecutionQueue.java:120)
	at org.gradle.internal.work.DefaultConditionalExecutionQueue$ExecutionRunner$1.run(DefaultConditionalExecutionQueue.java:162)
	at org.gradle.internal.Factories$1.create(Factories.java:31)
	at org.gradle.internal.work.DefaultWorkerLeaseService.withLocks(DefaultWorkerLeaseService.java:264)
	at org.gradle.internal.work.DefaultWorkerLeaseService.runAsWorkerThread(DefaultWorkerLeaseService.java:128)
	at org.gradle.internal.work.DefaultWorkerLeaseService.runAsWorkerThread(DefaultWorkerLeaseService.java:133)
	at org.gradle.internal.work.DefaultConditionalExecutionQueue$ExecutionRunner.runBatch(DefaultConditionalExecutionQueue.java:157)
	at org.gradle.internal.work.DefaultConditionalExecutionQueue$ExecutionRunner.run(DefaultConditionalExecutionQueue.java:126)
	at java.base/java.util.concurrent.Executors$RunnableAdapter.call(Executors.java:539)
	at java.base/java.util.concurrent.FutureTask.run(FutureTask.java:264)
	at org.gradle.internal.concurrent.ExecutorPolicy$CatchAndRecordFailures.onExecute(ExecutorPolicy.java:64)
	at org.gradle.internal.concurrent.AbstractManagedExecutor$1.run(AbstractManagedExecutor.java:47)
	at java.base/java.util.concurrent.ThreadPoolExecutor.runWorker(ThreadPoolExecutor.java:1136)
	at java.base/java.util.concurrent.ThreadPoolExecutor$Worker.run(ThreadPoolExecutor.java:635)
	at java.base/java.lang.Thread.run(Thread.java:840)
Using fallback strategy: Compile without Kotlin daemon
Try ./gradlew --stop if this issue persists.

> Task :react-native-reanimated:configureCMakeDebug[arm64-v8a]
[CXX5304] package.xml parsing problem. 意外的元素 (uri:"", local:"abis")。所需元素为<{}vendor>,<{}codename>,<{}base-extension>,<{}abi>,<{}api-level>,<{}extension-level>,<{}tag>
[CXX5304] package.xml parsing problem. 意外的元素 (uri:"", local:"abis")。所需元素为<{}vendor>,<{}codename>,<{}base-extension>,<{}abi>,<{}api-level>,<{}extension-level>,<{}tag>
[CXX5304] package.xml parsing problem. 意外的元素 (uri:"", local:"abis")。所需元素为<{}vendor>,<{}codename>,<{}base-extension>,<{}abi>,<{}api-level>,<{}extension-level>,<{}tag>
[CXX5304] package.xml parsing problem. 意外的元素 (uri:"", local:"abis")。所需元素为<{}vendor>,<{}codename>,<{}base-extension>,<{}abi>,<{}api-level>,<{}extension-level>,<{}tag>

> Task :app:mergeDebugResources
> Task :app:packageDebugResources FROM-CACHE
> Task :app:parseDebugLocalResources FROM-CACHE
> Task :app:createDebugCompatibleScreenManifests
> Task :app:extractDeepLinksDebug FROM-CACHE
> Task :app:processDebugMainManifest
> Task :app:processDebugManifest FROM-CACHE
> Task :app:processDebugManifestForPackage FROM-CACHE
> Task :app:processDebugResources
> Task :app:javaPreCompileDebug FROM-CACHE
> Task :app:mergeDebugShaders FROM-CACHE
> Task :app:compileDebugShaders NO-SOURCE
> Task :app:generateDebugAssets UP-TO-DATE
> Task :app:mergeDebugAssets FROM-CACHE
> Task :app:compressDebugAssets FROM-CACHE
> Task :app:desugarDebugFileDependencies
> Task :app:checkDebugDuplicateClasses

> Task :lottie-react-native:compileDebugKotlin
/Users/sunislee/trae_inter/test-solo/esonare_SoundTherapyPro/node_modules/lottie-react-native/android/src/main/java/com/airbnb/android/react/lottie/LottieAnimationViewPropertyManager.kt:20:38: warning: 'ReactFontManager' is deprecated. Deprecated in Java
import com.facebook.react.views.text.ReactFontManager
                                     ^
/Users/sunislee/trae_inter/test-solo/esonare_SoundTherapyPro/node_modules/lottie-react-native/android/src/main/java/com/airbnb/android/react/lottie/LottieAnimationViewPropertyManager.kt:71:24: warning: 'ReactFontManager' is deprecated. Deprecated in Java
                return ReactFontManager.getInstance()
                       ^
/Users/sunislee/trae_inter/test-solo/esonare_SoundTherapyPro/node_modules/lottie-react-native/android/src/main/java/com/airbnb/android/react/lottie/LottieAnimationViewPropertyManager.kt:85:24: warning: 'ReactFontManager' is deprecated. Deprecated in Java
                return ReactFontManager.getInstance()
                       ^

> Task :react-native-reanimated:buildCMakeDebug[arm64-v8a]
> Task :react-native-reanimated:mergeDebugJniLibFolders FROM-CACHE
> Task :react-native-reanimated:mergeDebugNativeLibs
> Task :react-native-reanimated:copyDebugJniLibsProjectOnly
> Task :react-native-pager-view:stripDebugDebugSymbols NO-SOURCE
> Task :react-native-pager-view:copyDebugJniLibsProjectAndLocalJars
> Task :lottie-react-native:compileDebugJavaWithJavac
> Task :lottie-react-native:bundleLibCompileToJarDebug
> Task :lottie-react-native:bundleLibRuntimeToJarDebug
> Task :lottie-react-native:processDebugJavaRes
> Task :app:mergeExtDexDebug

> Task :app:compileDebugKotlin
e: java.nio.file.FileSystemException: /Users/sunislee/Library/Application Support/kotlin/daemon/kotlin-daemon-client-tsmarker5029588247785662698.tmp: Operation not permitted
Failed to compile with Kotlin daemon: java.lang.RuntimeException: Could not connect to Kotlin compile daemon
	at org.jetbrains.kotlin.compilerRunner.GradleKotlinCompilerWork.compileWithDaemon(GradleKotlinCompilerWork.kt:192)
	at org.jetbrains.kotlin.compilerRunner.GradleKotlinCompilerWork.compileWithDaemonOrFallbackImpl(GradleKotlinCompilerWork.kt:150)
	at org.jetbrains.kotlin.compilerRunner.GradleKotlinCompilerWork.run(GradleKotlinCompilerWork.kt:123)
	at org.jetbrains.kotlin.compilerRunner.GradleCompilerRunnerWithWorkers$GradleKotlinCompilerWorkAction.execute(GradleCompilerRunnerWithWorkers.kt:74)
	at org.gradle.workers.internal.DefaultWorkerServer.execute(DefaultWorkerServer.java:63)
	at org.gradle.workers.internal.NoIsolationWorkerFactory$1$1.create(NoIsolationWorkerFactory.java:66)
	at org.gradle.workers.internal.NoIsolationWorkerFactory$1$1.create(NoIsolationWorkerFactory.java:62)
	at org.gradle.internal.classloader.ClassLoaderUtils.executeInClassloader(ClassLoaderUtils.java:100)
	at org.gradle.workers.internal.NoIsolationWorkerFactory$1.lambda$execute$0(NoIsolationWorkerFactory.java:62)
	at org.gradle.workers.internal.AbstractWorker$1.call(AbstractWorker.java:44)
	at org.gradle.workers.internal.AbstractWorker$1.call(AbstractWorker.java:41)
	at org.gradle.internal.operations.DefaultBuildOperationRunner$CallableBuildOperationWorker.execute(DefaultBuildOperationRunner.java:204)
	at org.gradle.internal.operations.DefaultBuildOperationRunner$CallableBuildOperationWorker.execute(DefaultBuildOperationRunner.java:199)
	at org.gradle.internal.operations.DefaultBuildOperationRunner$2.execute(DefaultBuildOperationRunner.java:66)
	at org.gradle.internal.operations.DefaultBuildOperationRunner$2.execute(DefaultBuildOperationRunner.java:59)
	at org.gradle.internal.operations.DefaultBuildOperationRunner.execute(DefaultBuildOperationRunner.java:157)
	at org.gradle.internal.operations.DefaultBuildOperationRunner.execute(DefaultBuildOperationRunner.java:59)
	at org.gradle.internal.operations.DefaultBuildOperationRunner.call(DefaultBuildOperationRunner.java:53)
	at org.gradle.internal.operations.DefaultBuildOperationExecutor.call(DefaultBuildOperationExecutor.java:73)
	at org.gradle.workers.internal.AbstractWorker.executeWrappedInBuildOperation(AbstractWorker.java:41)
	at org.gradle.workers.internal.NoIsolationWorkerFactory$1.execute(NoIsolationWorkerFactory.java:59)
	at org.gradle.workers.internal.DefaultWorkerExecutor.lambda$submitWork$0(DefaultWorkerExecutor.java:170)
	at java.base/java.util.concurrent.FutureTask.run(FutureTask.java:264)
	at org.gradle.internal.work.DefaultConditionalExecutionQueue$ExecutionRunner.runExecution(DefaultConditionalExecutionQueue.java:187)
	at org.gradle.internal.work.DefaultConditionalExecutionQueue$ExecutionRunner.access$700(DefaultConditionalExecutionQueue.java:120)
	at org.gradle.internal.work.DefaultConditionalExecutionQueue$ExecutionRunner$1.run(DefaultConditionalExecutionQueue.java:162)
	at org.gradle.internal.Factories$1.create(Factories.java:31)
	at org.gradle.internal.work.DefaultWorkerLeaseService.withLocks(DefaultWorkerLeaseService.java:264)
	at org.gradle.internal.work.DefaultWorkerLeaseService.runAsWorkerThread(DefaultWorkerLeaseService.java:128)
	at org.gradle.internal.work.DefaultWorkerLeaseService.runAsWorkerThread(DefaultWorkerLeaseService.java:133)
	at org.gradle.internal.work.DefaultConditionalExecutionQueue$ExecutionRunner.runBatch(DefaultConditionalExecutionQueue.java:157)
	at org.gradle.internal.work.DefaultConditionalExecutionQueue$ExecutionRunner.run(DefaultConditionalExecutionQueue.java:126)
	at java.base/java.util.concurrent.Executors$RunnableAdapter.call(Executors.java:539)
	at java.base/java.util.concurrent.FutureTask.run(FutureTask.java:264)
	at org.gradle.internal.concurrent.ExecutorPolicy$CatchAndRecordFailures.onExecute(ExecutorPolicy.java:64)
	at org.gradle.internal.concurrent.AbstractManagedExecutor$1.run(AbstractManagedExecutor.java:47)
	at java.base/java.util.concurrent.ThreadPoolExecutor.runWorker(ThreadPoolExecutor.java:1136)
	at java.base/java.util.concurrent.ThreadPoolExecutor$Worker.run(ThreadPoolExecutor.java:635)
	at java.base/java.lang.Thread.run(Thread.java:840)
Using fallback strategy: Compile without Kotlin daemon
Try ./gradlew --stop if this issue persists.

> Task :app:compileDebugJavaWithJavac
> Task :react-native-pager-view:extractDebugAnnotations
> Task :react-native-image-picker:extractDebugAnnotations
> Task :react-native-pager-view:extractDeepLinksForAarDebug FROM-CACHE
> Task :react-native-image-picker:extractDeepLinksForAarDebug FROM-CACHE
> Task :react-native-pager-view:mergeDebugGeneratedProguardFiles
> Task :react-native-image-picker:mergeDebugGeneratedProguardFiles
> Task :react-native-pager-view:mergeDebugConsumerProguardFiles
> Task :react-native-pager-view:prepareDebugArtProfile
> Task :react-native-image-picker:mergeDebugConsumerProguardFiles
> Task :react-native-fs:extractDebugAnnotations
> Task :react-native-community_blur:extractDebugAnnotations
> Task :lottie-react-native:extractDebugAnnotations
> Task :react-native-haptic-feedback:extractDebugAnnotations
> Task :react-native-image-picker:prepareDebugArtProfile
> Task :react-native-fs:extractDeepLinksForAarDebug FROM-CACHE
> Task :react-native-community_blur:extractDeepLinksForAarDebug FROM-CACHE
> Task :lottie-react-native:mergeDebugGeneratedProguardFiles
> Task :react-native-haptic-feedback:extractDeepLinksForAarDebug FROM-CACHE
> Task :react-native-async-storage_async-storage:extractDebugAnnotations
> Task :react-native-community_slider:extractDebugAnnotations
> Task :react-native-gesture-handler:extractDebugAnnotations
> Task :react-native-fs:mergeDebugGeneratedProguardFiles
> Task :react-native-community_blur:mergeDebugGeneratedProguardFiles
> Task :lottie-react-native:mergeDebugConsumerProguardFiles
> Task :react-native-community_blur:mergeDebugConsumerProguardFiles
> Task :react-native-async-storage_async-storage:extractDeepLinksForAarDebug FROM-CACHE
> Task :react-native-gesture-handler:extractDeepLinksForAarDebug FROM-CACHE
> Task :react-native-community_slider:extractDeepLinksForAarDebug FROM-CACHE
> Task :react-native-haptic-feedback:mergeDebugGeneratedProguardFiles
> Task :react-native-fs:mergeDebugConsumerProguardFiles
> Task :react-native-community_slider:mergeDebugGeneratedProguardFiles
> Task :react-native-community_blur:prepareDebugArtProfile
> Task :react-native-haptic-feedback:mergeDebugConsumerProguardFiles
> Task :react-native-gesture-handler:mergeDebugGeneratedProguardFiles
> Task :react-native-async-storage_async-storage:mergeDebugGeneratedProguardFiles
> Task :react-native-community_slider:mergeDebugConsumerProguardFiles
> Task :react-native-fs:prepareDebugArtProfile
> Task :react-native-image-picker:prepareLintJarForPublish
> Task :react-native-community_blur:prepareLintJarForPublish
> Task :react-native-haptic-feedback:prepareDebugArtProfile
> Task :react-native-pager-view:prepareLintJarForPublish
> Task :react-native-gesture-handler:mergeDebugConsumerProguardFiles
> Task :react-native-async-storage_async-storage:mergeDebugConsumerProguardFiles
> Task :react-native-community_slider:prepareDebugArtProfile
> Task :react-native-gesture-handler:prepareDebugArtProfile
> Task :react-native-haptic-feedback:prepareLintJarForPublish
> Task :react-native-async-storage_async-storage:prepareDebugArtProfile
> Task :react-native-community_slider:prepareLintJarForPublish
> Task :react-native-gesture-handler:prepareLintJarForPublish
> Task :react-native-fs:prepareLintJarForPublish
> Task :react-native-image-picker:mergeDebugJavaResource
> Task :react-native-fs:mergeDebugJavaResource
> Task :lottie-react-native:mergeDebugJavaResource
> Task :react-native-community_slider:mergeDebugJavaResource
> Task :react-native-community_blur:mergeDebugJavaResource
> Task :react-native-haptic-feedback:mergeDebugJavaResource
> Task :react-native-pager-view:mergeDebugJavaResource
> Task :react-native-gesture-handler:mergeDebugJavaResource
> Task :react-native-community_blur:syncDebugLibJars
> Task :react-native-async-storage_async-storage:prepareLintJarForPublish
> Task :react-native-haptic-feedback:syncDebugLibJars
> Task :lottie-react-native:syncDebugLibJars
> Task :react-native-image-picker:syncDebugLibJars
> Task :react-native-fs:syncDebugLibJars
> Task :react-native-community_slider:syncDebugLibJars
> Task :react-native-community_slider:bundleDebugAar
> Task :react-native-fs:bundleDebugAar
> Task :lottie-react-native:bundleDebugAar
> Task :react-native-image-picker:bundleDebugAar
> Task :lottie-react-native:assembleDebug
> Task :react-native-image-picker:assembleDebug
> Task :react-native-fs:assembleDebug
> Task :react-native-pager-view:syncDebugLibJars
> Task :react-native-community_slider:assembleDebug
> Task :react-native-safe-area-context:stripDebugDebugSymbols NO-SOURCE
> Task :react-native-haptic-feedback:bundleDebugAar
> Task :react-native-haptic-feedback:assembleDebug
> Task :react-native-sound:stripDebugDebugSymbols NO-SOURCE
> Task :react-native-svg:stripDebugDebugSymbols NO-SOURCE
> Task :react-native-screens:stripDebugDebugSymbols NO-SOURCE
> Task :react-native-community_blur:bundleDebugAar
> Task :react-native-community_blur:assembleDebug
> Task :react-native-track-player:stripDebugDebugSymbols NO-SOURCE
> Task :react-native-async-storage_async-storage:mergeDebugJavaResource
> Task :react-native-sound:copyDebugJniLibsProjectAndLocalJars
> Task :react-native-svg:copyDebugJniLibsProjectAndLocalJars
> Task :react-native-screens:copyDebugJniLibsProjectAndLocalJars
> Task :react-native-pager-view:bundleDebugAar
> Task :react-native-pager-view:assembleDebug
> Task :react-native-async-storage_async-storage:syncDebugLibJars
> Task :react-native-sound:extractDebugAnnotations
> Task :react-native-sound:extractDeepLinksForAarDebug FROM-CACHE
> Task :react-native-gesture-handler:syncDebugLibJars
> Task :react-native-svg:extractDebugAnnotations
> Task :react-native-sound:mergeDebugGeneratedProguardFiles
> Task :react-native-sound:mergeDebugConsumerProguardFiles
> Task :react-native-sound:prepareDebugArtProfile
> Task :react-native-async-storage_async-storage:bundleDebugAar
> Task :react-native-async-storage_async-storage:assembleDebug
> Task :react-native-safe-area-context:extractDebugAnnotations
> Task :react-native-safe-area-context:copyDebugJniLibsProjectAndLocalJars
> Task :react-native-sound:prepareLintJarForPublish
> Task :react-native-track-player:copyDebugJniLibsProjectAndLocalJars
> Task :react-native-svg:extractDeepLinksForAarDebug FROM-CACHE
> Task :react-native-reanimated:extractDebugAnnotations
> Task :react-native-vector-icons:stripDebugDebugSymbols NO-SOURCE
> Task :react-native-reanimated:extractDeepLinksForAarDebug FROM-CACHE
> Task :react-native-svg:mergeDebugGeneratedProguardFiles
> Task :react-native-reanimated:mergeDebugGeneratedProguardFiles
> Task :react-native-screens:extractDebugAnnotations
> Task :react-native-gesture-handler:bundleDebugAar
> Task :react-native-gesture-handler:assembleDebug
> Task :react-native-svg:mergeDebugConsumerProguardFiles
> Task :react-native-safe-area-context:extractDeepLinksForAarDebug FROM-CACHE
> Task :react-native-sound:mergeDebugJavaResource
> Task :react-native-video:stripDebugDebugSymbols NO-SOURCE
> Task :react-native-svg:prepareDebugArtProfile
> Task :react-native-vector-icons:copyDebugJniLibsProjectAndLocalJars
> Task :react-native-video:copyDebugJniLibsProjectAndLocalJars
> Task :react-native-safe-area-context:mergeDebugGeneratedProguardFiles
> Task :react-native-svg:prepareLintJarForPublish
> Task :react-native-safe-area-context:mergeDebugConsumerProguardFiles
> Task :react-native-safe-area-context:prepareDebugArtProfile
> Task :react-native-screens:extractDeepLinksForAarDebug UP-TO-DATE
> Task :react-native-sound:syncDebugLibJars
> Task :react-native-svg:mergeDebugJavaResource
> Task :react-native-vector-icons:extractDebugAnnotations
> Task :react-native-screens:mergeDebugGeneratedProguardFiles
> Task :react-native-reanimated:mergeDebugConsumerProguardFiles
> Task :react-native-vector-icons:extractDeepLinksForAarDebug FROM-CACHE
> Task :react-native-track-player:extractDebugAnnotations
> Task :react-native-vector-icons:mergeDebugGeneratedProguardFiles
> Task :react-native-sound:bundleDebugAar
> Task :react-native-screens:mergeDebugConsumerProguardFiles
> Task :react-native-sound:assembleDebug
> Task :react-native-safe-area-context:prepareLintJarForPublish
> Task :react-native-screens:prepareDebugArtProfile UP-TO-DATE
> Task :react-native-track-player:extractDeepLinksForAarDebug FROM-CACHE
> Task :react-native-vector-icons:mergeDebugConsumerProguardFiles
> Task :react-native-screens:prepareLintJarForPublish UP-TO-DATE
> Task :react-native-vector-icons:prepareDebugArtProfile
> Task :react-native-track-player:mergeDebugGeneratedProguardFiles
> Task :react-native-safe-area-context:mergeDebugJavaResource
> Task :react-native-vector-icons:prepareLintJarForPublish
> Task :react-native-screens:mergeDebugJavaResource
> Task :react-native-track-player:mergeDebugConsumerProguardFiles
> Task :react-native-track-player:prepareDebugArtProfile
> Task :react-native-vector-icons:mergeDebugJavaResource
> Task :react-native-track-player:prepareLintJarForPublish
> Task :react-native-video:extractDebugAnnotations
> Task :react-native-track-player:mergeDebugJavaResource
> Task :react-native-video:extractDeepLinksForAarDebug FROM-CACHE
> Task :react-native-video:mergeDebugGeneratedProguardFiles
> Task :react-native-vector-icons:syncDebugLibJars
> Task :react-native-video:mergeDebugConsumerProguardFiles
> Task :react-native-video:prepareDebugArtProfile
> Task :react-native-video:prepareLintJarForPublish
> Task :react-native-vector-icons:bundleDebugAar
> Task :react-native-safe-area-context:syncDebugLibJars
> Task :react-native-video:mergeDebugJavaResource
> Task :react-native-vector-icons:assembleDebug
> Task :react-native-reanimated:stripDebugDebugSymbols
> Task :react-native-screens:syncDebugLibJars
> Task :react-native-safe-area-context:bundleDebugAar
> Task :react-native-safe-area-context:assembleDebug
> Task :react-native-screens:bundleDebugAar
> Task :react-native-screens:assembleDebug
> Task :react-native-track-player:syncDebugLibJars
> Task :react-native-track-player:bundleDebugAar
> Task :react-native-track-player:assembleDebug
> Task :react-native-video:syncDebugLibJars
> Task :react-native-video:bundleDebugAar
> Task :react-native-video:assembleDebug
> Task :app:dexBuilderDebug
> Task :react-native-reanimated:externalNativeBuildDebug
> Task :react-native-reanimated:generateJsonModelDebug
> Task :react-native-reanimated:prefabDebugConfigurePackage
> Task :app:processDebugJavaRes
> Task :react-native-svg:syncDebugLibJars
> Task :react-native-svg:bundleDebugAar
> Task :react-native-svg:assembleDebug
> Task :app:mergeDebugGlobalSynthetics
> Task :react-native-reanimated:copyDebugJniLibsProjectAndLocalJars
> Task :react-native-reanimated:prefabDebugPackage
> Task :react-native-reanimated:prepareDebugArtProfile
> Task :react-native-reanimated:prepareLintJarForPublish
> Task :react-native-reanimated:mergeDebugJavaResource
> Task :react-native-reanimated:syncDebugLibJars
> Task :app:mergeDebugJniLibFolders FROM-CACHE
> Task :app:validateSigningDebug
> Task :app:writeDebugAppMetadata
> Task :app:writeDebugSigningConfigVersions
> Task :app:mergeProjectDexDebug
> Task :app:mergeLibDexDebug
> Task :app:mergeDebugJavaResource
> Task :react-native-reanimated:bundleDebugAar
> Task :react-native-reanimated:assembleDebug
> Task :app:mergeDebugNativeLibs
> Task :app:stripDebugDebugSymbols
> Task :app:packageDebug
> Task :app:createDebugApkListingFileRedirect
> Task :app:assembleDebug

BUILD SUCCESSFUL in 45s
527 actionable tasks: 268 executed, 251 from cache, 8 up-to-date
