Command line invocation:
    /Applications/Xcode.app/Contents/Developer/usr/bin/xcodebuild -workspace ios/SoundTherapyApp.xcworkspace -scheme SoundTherapyApp -configuration Debug -destination "platform=iOS Simulator,name=iPhone 17 Pro" build

ComputePackagePrebuildTargetDependencyGraph

Prepare packages

CreateBuildRequest

SendProjectDescription

CreateBuildOperation

ComputeTargetDependencyGraph
note: Building targets in dependency order
note: Target dependency graph (2 targets)
    Target 'SoundTherapyApp' in project 'SoundTherapyApp'
        ➜ Explicit dependency on target 'TherapyActivityWidget' in project 'SoundTherapyApp'
    Target 'TherapyActivityWidget' in project 'SoundTherapyApp' (no dependencies)

GatherProvisioningInputs

CreateBuildDescription

ExecuteExternalTool /Applications/Xcode.app/Contents/Developer/Toolchains/XcodeDefault.xctoolchain/usr/bin/clang -v -E -dM -isysroot /Applications/Xcode.app/Contents/Developer/Platforms/iPhoneSimulator.platform/Developer/SDKs/iPhoneSimulator26.2.sdk -x c -c /dev/null

ExecuteExternalTool /Applications/Xcode.app/Contents/Developer/Toolchains/XcodeDefault.xctoolchain/usr/bin/swiftc --version

ExecuteExternalTool /Applications/Xcode.app/Contents/Developer/usr/bin/ibtool --version --output-format xml1

ExecuteExternalTool /Applications/Xcode.app/Contents/Developer/Toolchains/XcodeDefault.xctoolchain/usr/bin/clang -v -E -dM -arch arm64 -isysroot /Applications/Xcode.app/Contents/Developer/Platforms/iPhoneSimulator.platform/Developer/SDKs/iPhoneSimulator26.2.sdk -x c -c /dev/null

ExecuteExternalTool /Applications/Xcode.app/Contents/Developer/Toolchains/XcodeDefault.xctoolchain/usr/bin/clang -v -E -dM -arch arm64 -isysroot /Applications/Xcode.app/Contents/Developer/Platforms/iPhoneSimulator.platform/Developer/SDKs/iPhoneSimulator26.2.sdk -x objective-c -c /dev/null

ExecuteExternalTool /Applications/Xcode.app/Contents/Developer/usr/bin/actool --print-asset-tag-combinations --output-format xml1 /Users/sunislee/trae_inter/esonare_SoundTherapyPro/SoundTherapyApp/ios/SoundTherapyApp/Images.xcassets

ExecuteExternalTool /Applications/Xcode.app/Contents/Developer/usr/bin/actool --version --output-format xml1

ExecuteExternalTool /Applications/Xcode.app/Contents/Developer/Toolchains/XcodeDefault.xctoolchain/usr/bin/ld -version_details

ExecuteExternalTool /Applications/Xcode.app/Contents/Developer/Toolchains/XcodeDefault.xctoolchain/usr/bin/clang -v -E -dM -arch x86_64 -isysroot /Applications/Xcode.app/Contents/Developer/Platforms/iPhoneSimulator.platform/Developer/SDKs/iPhoneSimulator26.2.sdk -x c -c /dev/null

ExecuteExternalTool /Applications/Xcode.app/Contents/Developer/Toolchains/XcodeDefault.xctoolchain/usr/bin/clang -v -E -dM -arch x86_64 -isysroot /Applications/Xcode.app/Contents/Developer/Platforms/iPhoneSimulator.platform/Developer/SDKs/iPhoneSimulator26.2.sdk -x objective-c -c /dev/null

Build description signature: ee314760a7247c59c2b9b62aac0385ad
Build description path: /Users/sunislee/Library/Developer/Xcode/DerivedData/SoundTherapyApp-ccupjzgdxvoolvggvdekideekzzm/Build/Intermediates.noindex/XCBuildData/ee314760a7247c59c2b9b62aac0385ad.xcbuilddata
ClangStatCache /Applications/Xcode.app/Contents/Developer/Toolchains/XcodeDefault.xctoolchain/usr/bin/clang-stat-cache /Applications/Xcode.app/Contents/Developer/Platforms/iPhoneSimulator.platform/Developer/SDKs/iPhoneSimulator26.2.sdk /Users/sunislee/Library/Developer/Xcode/DerivedData/SDKStatCaches.noindex/iphonesimulator26.2-23C53-7d00a8b37fbd7999ea79df8ebc024bf0.sdkstatcache
    cd /Users/sunislee/trae_inter/esonare_SoundTherapyPro/SoundTherapyApp/ios
    /Applications/Xcode.app/Contents/Developer/Toolchains/XcodeDefault.xctoolchain/usr/bin/clang-stat-cache /Applications/Xcode.app/Contents/Developer/Platforms/iPhoneSimulator.platform/Developer/SDKs/iPhoneSimulator26.2.sdk -o /Users/sunislee/Library/Developer/Xcode/DerivedData/SDKStatCaches.noindex/iphonesimulator26.2-23C53-7d00a8b37fbd7999ea79df8ebc024bf0.sdkstatcache

ProcessProductPackaging /Users/sunislee/trae_inter/esonare_SoundTherapyPro/SoundTherapyApp/ios/TherapyActivityWidget/TherapyActivityWidget.entitlements /Users/sunislee/Library/Developer/Xcode/DerivedData/SoundTherapyApp-ccupjzgdxvoolvggvdekideekzzm/Build/Intermediates.noindex/SoundTherapyApp.build/Debug-iphonesimulator/TherapyActivityWidget.build/TherapyActivityWidget.appex.xcent (in target 'TherapyActivityWidget' from project 'SoundTherapyApp')
    cd /Users/sunislee/trae_inter/esonare_SoundTherapyPro/SoundTherapyApp/ios
    
    Entitlements:
    
    {
}
    
    builtin-productPackagingUtility /Users/sunislee/trae_inter/esonare_SoundTherapyPro/SoundTherapyApp/ios/TherapyActivityWidget/TherapyActivityWidget.entitlements -entitlements -format xml -o /Users/sunislee/Library/Developer/Xcode/DerivedData/SoundTherapyApp-ccupjzgdxvoolvggvdekideekzzm/Build/Intermediates.noindex/SoundTherapyApp.build/Debug-iphonesimulator/TherapyActivityWidget.build/TherapyActivityWidget.appex.xcent

ProcessProductPackaging /Users/sunislee/trae_inter/esonare_SoundTherapyPro/SoundTherapyApp/ios/TherapyActivityWidget/TherapyActivityWidget.entitlements /Users/sunislee/Library/Developer/Xcode/DerivedData/SoundTherapyApp-ccupjzgdxvoolvggvdekideekzzm/Build/Intermediates.noindex/SoundTherapyApp.build/Debug-iphonesimulator/TherapyActivityWidget.build/TherapyActivityWidget.appex-Simulated.xcent (in target 'TherapyActivityWidget' from project 'SoundTherapyApp')
    cd /Users/sunislee/trae_inter/esonare_SoundTherapyPro/SoundTherapyApp/ios
    
    Entitlements:
    
    {
    "application-identifier" = "RS5CNM8LYJ.org.reactjs.native.example.SoundTherapyApp.TherapyActivityWidget";
    "com.apple.security.application-groups" =     (
        "group.com.esonare.SoundTherapyApp"
    );
}
    
    builtin-productPackagingUtility /Users/sunislee/trae_inter/esonare_SoundTherapyPro/SoundTherapyApp/ios/TherapyActivityWidget/TherapyActivityWidget.entitlements -entitlements -format xml -o /Users/sunislee/Library/Developer/Xcode/DerivedData/SoundTherapyApp-ccupjzgdxvoolvggvdekideekzzm/Build/Intermediates.noindex/SoundTherapyApp.build/Debug-iphonesimulator/TherapyActivityWidget.build/TherapyActivityWidget.appex-Simulated.xcent

ProcessProductPackagingDER /Users/sunislee/Library/Developer/Xcode/DerivedData/SoundTherapyApp-ccupjzgdxvoolvggvdekideekzzm/Build/Intermediates.noindex/SoundTherapyApp.build/Debug-iphonesimulator/TherapyActivityWidget.build/TherapyActivityWidget.appex.xcent /Users/sunislee/Library/Developer/Xcode/DerivedData/SoundTherapyApp-ccupjzgdxvoolvggvdekideekzzm/Build/Intermediates.noindex/SoundTherapyApp.build/Debug-iphonesimulator/TherapyActivityWidget.build/TherapyActivityWidget.appex.xcent.der (in target 'TherapyActivityWidget' from project 'SoundTherapyApp')
    cd /Users/sunislee/trae_inter/esonare_SoundTherapyPro/SoundTherapyApp/ios
    /usr/bin/derq query -f xml -i /Users/sunislee/Library/Developer/Xcode/DerivedData/SoundTherapyApp-ccupjzgdxvoolvggvdekideekzzm/Build/Intermediates.noindex/SoundTherapyApp.build/Debug-iphonesimulator/TherapyActivityWidget.build/TherapyActivityWidget.appex.xcent -o /Users/sunislee/Library/Developer/Xcode/DerivedData/SoundTherapyApp-ccupjzgdxvoolvggvdekideekzzm/Build/Intermediates.noindex/SoundTherapyApp.build/Debug-iphonesimulator/TherapyActivityWidget.build/TherapyActivityWidget.appex.xcent.der --raw

ProcessProductPackagingDER /Users/sunislee/Library/Developer/Xcode/DerivedData/SoundTherapyApp-ccupjzgdxvoolvggvdekideekzzm/Build/Intermediates.noindex/SoundTherapyApp.build/Debug-iphonesimulator/TherapyActivityWidget.build/TherapyActivityWidget.appex-Simulated.xcent /Users/sunislee/Library/Developer/Xcode/DerivedData/SoundTherapyApp-ccupjzgdxvoolvggvdekideekzzm/Build/Intermediates.noindex/SoundTherapyApp.build/Debug-iphonesimulator/TherapyActivityWidget.build/TherapyActivityWidget.appex-Simulated.xcent.der (in target 'TherapyActivityWidget' from project 'SoundTherapyApp')
    cd /Users/sunislee/trae_inter/esonare_SoundTherapyPro/SoundTherapyApp/ios
    /usr/bin/derq query -f xml -i /Users/sunislee/Library/Developer/Xcode/DerivedData/SoundTherapyApp-ccupjzgdxvoolvggvdekideekzzm/Build/Intermediates.noindex/SoundTherapyApp.build/Debug-iphonesimulator/TherapyActivityWidget.build/TherapyActivityWidget.appex-Simulated.xcent -o /Users/sunislee/Library/Developer/Xcode/DerivedData/SoundTherapyApp-ccupjzgdxvoolvggvdekideekzzm/Build/Intermediates.noindex/SoundTherapyApp.build/Debug-iphonesimulator/TherapyActivityWidget.build/TherapyActivityWidget.appex-Simulated.xcent.der --raw

ProcessInfoPlistFile /Users/sunislee/Library/Developer/Xcode/DerivedData/SoundTherapyApp-ccupjzgdxvoolvggvdekideekzzm/Build/Products/Debug-iphonesimulator/TherapyActivityWidget.appex/Info.plist /Users/sunislee/trae_inter/esonare_SoundTherapyPro/SoundTherapyApp/ios/TherapyActivityWidget/Info.plist (in target 'TherapyActivityWidget' from project 'SoundTherapyApp')
    cd /Users/sunislee/trae_inter/esonare_SoundTherapyPro/SoundTherapyApp/ios
    builtin-infoPlistUtility /Users/sunislee/trae_inter/esonare_SoundTherapyPro/SoundTherapyApp/ios/TherapyActivityWidget/Info.plist -producttype com.apple.product-type.app-extension -expandbuildsettings -format binary -platform iphonesimulator -o /Users/sunislee/Library/Developer/Xcode/DerivedData/SoundTherapyApp-ccupjzgdxvoolvggvdekideekzzm/Build/Products/Debug-iphonesimulator/TherapyActivityWidget.appex/Info.plist

PhaseScriptExecution [CP]\ Check\ Pods\ Manifest.lock /Users/sunislee/Library/Developer/Xcode/DerivedData/SoundTherapyApp-ccupjzgdxvoolvggvdekideekzzm/Build/Intermediates.noindex/SoundTherapyApp.build/Debug-iphonesimulator/TherapyActivityWidget.build/Script-F3FF4DEAF56E6EE9AF3283B4.sh (in target 'TherapyActivityWidget' from project 'SoundTherapyApp')
    cd /Users/sunislee/trae_inter/esonare_SoundTherapyPro/SoundTherapyApp/ios
    /usr/bin/sandbox-exec -D SCRIPT_OUTPUT_FILE_0\=/Users/sunislee/Library/Developer/Xcode/DerivedData/SoundTherapyApp-ccupjzgdxvoolvggvdekideekzzm/Build/Intermediates.noindex/SoundTherapyApp.build/Debug-iphonesimulator/TherapyActivityWidget.build/DerivedSources/Pods-TherapyActivityWidget-checkManifestLockResult.txt -D SCRIPT_INPUT_FILE_0\=/Users/sunislee/trae_inter/esonare_SoundTherapyPro/SoundTherapyApp/ios/Podfile.lock -D SCRIPT_INPUT_FILE_1\=/Users/sunislee/trae_inter/esonare_SoundTherapyPro/SoundTherapyApp/ios/Pods/Manifest.lock -D SCRIPT_INPUT_FILE_2\=/Users/sunislee/Library/Developer/Xcode/DerivedData/SoundTherapyApp-ccupjzgdxvoolvggvdekideekzzm/Build/Intermediates.noindex/SoundTherapyApp.build/Debug-iphonesimulator/TherapyActivityWidget.build/Script-F3FF4DEAF56E6EE9AF3283B4.sh -D SCRIPT_INPUT_ANCESTOR_0\=/ -D SCRIPT_INPUT_ANCESTOR_1\=/Users -D SCRIPT_INPUT_ANCESTOR_2\=/Users/sunislee -D SCRIPT_INPUT_ANCESTOR_3\=/Users/sunislee/Library -D SCRIPT_INPUT_ANCESTOR_4\=/Users/sunislee/Library/Developer -D SCRIPT_INPUT_ANCESTOR_5\=/Users/sunislee/Library/Developer/Xcode -D SCRIPT_INPUT_ANCESTOR_6\=/Users/sunislee/Library/Developer/Xcode/DerivedData -D SCRIPT_INPUT_ANCESTOR_7\=/Users/sunislee/Library/Developer/Xcode/DerivedData/SoundTherapyApp-ccupjzgdxvoolvggvdekideekzzm -D SCRIPT_INPUT_ANCESTOR_8\=/Users/sunislee/Library/Developer/Xcode/DerivedData/SoundTherapyApp-ccupjzgdxvoolvggvdekideekzzm/Build -D SCRIPT_INPUT_ANCESTOR_9\=/Users/sunislee/Library/Developer/Xcode/DerivedData/SoundTherapyApp-ccupjzgdxvoolvggvdekideekzzm/Build/Intermediates.noindex -D SCRIPT_INPUT_ANCESTOR_10\=/Users/sunislee/Library/Developer/Xcode/DerivedData/SoundTherapyApp-ccupjzgdxvoolvggvdekideekzzm/Build/Intermediates.noindex/SoundTherapyApp.build -D SCRIPT_INPUT_ANCESTOR_11\=/Users/sunislee/Library/Developer/Xcode/DerivedData/SoundTherapyApp-ccupjzgdxvoolvggvdekideekzzm/Build/Intermediates.noindex/SoundTherapyApp.build/Debug-iphonesimulator -D SCRIPT_INPUT_ANCESTOR_12\=/Users/sunislee/Library/Developer/Xcode/DerivedData/SoundTherapyApp-ccupjzgdxvoolvggvdekideekzzm/Build/Intermediates.noindex/SoundTherapyApp.build/Debug-iphonesimulator/TherapyActivityWidget.build -D SCRIPT_INPUT_ANCESTOR_13\=/Users/sunislee/trae_inter -D SCRIPT_INPUT_ANCESTOR_14\=/Users/sunislee/trae_inter/esonare_SoundTherapyPro -D SCRIPT_INPUT_ANCESTOR_15\=/Users/sunislee/trae_inter/esonare_SoundTherapyPro/SoundTherapyApp -D SCRIPT_INPUT_ANCESTOR_16\=/Users/sunislee/trae_inter/esonare_SoundTherapyPro/SoundTherapyApp/ios -D SCRIPT_INPUT_ANCESTOR_17\=/Users/sunislee/trae_inter/esonare_SoundTherapyPro/SoundTherapyApp/ios/Pods -D SCRIPT_OUTPUT_ANCESTOR_0\=/ -D SCRIPT_OUTPUT_ANCESTOR_1\=/Users -D SCRIPT_OUTPUT_ANCESTOR_2\=/Users/sunislee -D SCRIPT_OUTPUT_ANCESTOR_3\=/Users/sunislee/Library -D SCRIPT_OUTPUT_ANCESTOR_4\=/Users/sunislee/Library/Developer -D SCRIPT_OUTPUT_ANCESTOR_5\=/Users/sunislee/Library/Developer/Xcode -D SCRIPT_OUTPUT_ANCESTOR_6\=/Users/sunislee/Library/Developer/Xcode/DerivedData -D SCRIPT_OUTPUT_ANCESTOR_7\=/Users/sunislee/Library/Developer/Xcode/DerivedData/SoundTherapyApp-ccupjzgdxvoolvggvdekideekzzm -D SCRIPT_OUTPUT_ANCESTOR_8\=/Users/sunislee/Library/Developer/Xcode/DerivedData/SoundTherapyApp-ccupjzgdxvoolvggvdekideekzzm/Build -D SCRIPT_OUTPUT_ANCESTOR_9\=/Users/sunislee/Library/Developer/Xcode/DerivedData/SoundTherapyApp-ccupjzgdxvoolvggvdekideekzzm/Build/Intermediates.noindex -D SCRIPT_OUTPUT_ANCESTOR_10\=/Users/sunislee/Library/Developer/Xcode/DerivedData/SoundTherapyApp-ccupjzgdxvoolvggvdekideekzzm/Build/Intermediates.noindex/SoundTherapyApp.build -D SCRIPT_OUTPUT_ANCESTOR_11\=/Users/sunislee/Library/Developer/Xcode/DerivedData/SoundTherapyApp-ccupjzgdxvoolvggvdekideekzzm/Build/Intermediates.noindex/SoundTherapyApp.build/Debug-iphonesimulator -D SCRIPT_OUTPUT_ANCESTOR_12\=/Users/sunislee/Library/Developer/Xcode/DerivedData/SoundTherapyApp-ccupjzgdxvoolvggvdekideekzzm/Build/Intermediates.noindex/SoundTherapyApp.build/Debug-iphonesimulator/TherapyActivityWidget.build -D SCRIPT_OUTPUT_ANCESTOR_13\=/Users/sunislee/Library/Developer/Xcode/DerivedData/SoundTherapyApp-ccupjzgdxvoolvggvdekideekzzm/Build/Intermediates.noindex/SoundTherapyApp.build/Debug-iphonesimulator/TherapyActivityWidget.build/DerivedSources -D SRCROOT\=/Users/sunislee/trae_inter/esonare_SoundTherapyPro/SoundTherapyApp/ios -D PROJECT_DIR\=/Users/sunislee/trae_inter/esonare_SoundTherapyPro/SoundTherapyApp/ios -D OBJROOT\=/Users/sunislee/Library/Developer/Xcode/DerivedData/SoundTherapyApp-ccupjzgdxvoolvggvdekideekzzm/Build/Intermediates.noindex -D SYMROOT\=/Users/sunislee/Library/Developer/Xcode/DerivedData/SoundTherapyApp-ccupjzgdxvoolvggvdekideekzzm/Build/Products -D DSTROOT\=/tmp/SoundTherapyApp.dst -D SHARED_PRECOMPS_DIR\=/Users/sunislee/Library/Developer/Xcode/DerivedData/SoundTherapyApp-ccupjzgdxvoolvggvdekideekzzm/Build/Intermediates.noindex/PrecompiledHeaders -D CACHE_ROOT\=/var/folders/3f/p25td80j621f0jj58knq343w0000gn/C/com.apple.DeveloperTools/26.2-17C52/Xcode -D CONFIGURATION_BUILD_DIR\=/Users/sunislee/Library/Developer/Xcode/DerivedData/SoundTherapyApp-ccupjzgdxvoolvggvdekideekzzm/Build/Products/Debug-iphonesimulator -D CONFIGURATION_TEMP_DIR\=/Users/sunislee/Library/Developer/Xcode/DerivedData/SoundTherapyApp-ccupjzgdxvoolvggvdekideekzzm/Build/Intermediates.noindex/SoundTherapyApp.build/Debug-iphonesimulator -D LOCROOT\=/Users/sunislee/trae_inter/esonare_SoundTherapyPro/SoundTherapyApp/ios -D LOCSYMROOT\=/Users/sunislee/trae_inter/esonare_SoundTherapyPro/SoundTherapyApp/ios -D INDEX_PRECOMPS_DIR\=/Users/sunislee/Library/Developer/Xcode/DerivedData/SoundTherapyApp-ccupjzgdxvoolvggvdekideekzzm/Index.noindex/PrecompiledHeaders -D INDEX_DATA_STORE_DIR\=/Users/sunislee/Library/Developer/Xcode/DerivedData/SoundTherapyApp-ccupjzgdxvoolvggvdekideekzzm/Index.noindex/DataStore -D TEMP_DIR\=/Users/sunislee/Library/Developer/Xcode/DerivedData/SoundTherapyApp-ccupjzgdxvoolvggvdekideekzzm/Build/Intermediates.noindex/SoundTherapyApp.build/Debug-iphonesimulator/TherapyActivityWidget.build -D TARGET_TEMP_DIR\=/Users/sunislee/Library/Developer/Xcode/DerivedData/SoundTherapyApp-ccupjzgdxvoolvggvdekideekzzm/Build/Intermediates.noindex/SoundTherapyApp.build/Debug-iphonesimulator/TherapyActivityWidget.build -D DERIVED_FILE_DIR\=/Users/sunislee/Library/Developer/Xcode/DerivedData/SoundTherapyApp-ccupjzgdxvoolvggvdekideekzzm/Build/Intermediates.noindex/SoundTherapyApp.build/Debug-iphonesimulator/TherapyActivityWidget.build/DerivedSources -f /Users/sunislee/Library/Developer/Xcode/DerivedData/SoundTherapyApp-ccupjzgdxvoolvggvdekideekzzm/Build/Intermediates.noindex/SoundTherapyApp.build/Debug-iphonesimulator/TherapyActivityWidget.build/f12d9a7d5bb2aac2ffb335a5e2f7840b.sb /bin/sh -c /Users/sunislee/Library/Developer/Xcode/DerivedData/SoundTherapyApp-ccupjzgdxvoolvggvdekideekzzm/Build/Intermediates.noindex/SoundTherapyApp.build/Debug-iphonesimulator/TherapyActivityWidget.build/Script-F3FF4DEAF56E6EE9AF3283B4.sh
sandbox-exec: sandbox_apply: Operation not permitted
Command PhaseScriptExecution failed with a nonzero exit code

warning: Run script build phase 'Bundle React Native code and images' will be run during every build because it does not specify any outputs. To address this issue, either add output dependencies to the script phase, or configure it to run in every build by unchecking "Based on dependency analysis" in the script phase. (in target 'SoundTherapyApp' from project 'SoundTherapyApp')
** BUILD FAILED **


The following build commands failed:
	PhaseScriptExecution [CP]\ Check\ Pods\ Manifest.lock /Users/sunislee/Library/Developer/Xcode/DerivedData/SoundTherapyApp-ccupjzgdxvoolvggvdekideekzzm/Build/Intermediates.noindex/SoundTherapyApp.build/Debug-iphonesimulator/TherapyActivityWidget.build/Script-F3FF4DEAF56E6EE9AF3283B4.sh (in target 'TherapyActivityWidget' from project 'SoundTherapyApp')
	Building workspace SoundTherapyApp with scheme SoundTherapyApp and configuration Debug
(2 failures)
